{"/Users/jakubfreisler/Projects/Web/jsExercismCourse/aoc2017/day2/ex1.js": {"path":"/Users/jakubfreisler/Projects/Web/jsExercismCourse/aoc2017/day2/ex1.js","statementMap":{"0":{"start":{"line":1,"column":27},"end":{"line":1,"column":54}},"1":{"start":{"line":3,"column":12},"end":{"line":3,"column":62}},"2":{"start":{"line":3,"column":23},"end":{"line":3,"column":62}},"3":{"start":{"line":5,"column":24},"end":{"line":8,"column":1}},"4":{"start":{"line":6,"column":4},"end":{"line":6,"column":30}},"5":{"start":{"line":6,"column":23},"end":{"line":6,"column":28}},"6":{"start":{"line":7,"column":4},"end":{"line":7,"column":40}},"7":{"start":{"line":10,"column":25},"end":{"line":12,"column":38}},"8":{"start":{"line":11,"column":4},"end":{"line":12,"column":38}},"9":{"start":{"line":12,"column":8},"end":{"line":12,"column":34}},"10":{"start":{"line":15,"column":0},"end":{"line":19,"column":2}}},"fnMap":{"0":{"name":"(anonymous_0)","decl":{"start":{"line":3,"column":12},"end":{"line":3,"column":13}},"loc":{"start":{"line":3,"column":23},"end":{"line":3,"column":62}},"line":3},"1":{"name":"(anonymous_1)","decl":{"start":{"line":5,"column":24},"end":{"line":5,"column":25}},"loc":{"start":{"line":5,"column":33},"end":{"line":8,"column":1}},"line":5},"2":{"name":"(anonymous_2)","decl":{"start":{"line":6,"column":13},"end":{"line":6,"column":14}},"loc":{"start":{"line":6,"column":23},"end":{"line":6,"column":28}},"line":6},"3":{"name":"(anonymous_3)","decl":{"start":{"line":10,"column":25},"end":{"line":10,"column":26}},"loc":{"start":{"line":11,"column":4},"end":{"line":12,"column":38}},"line":11},"4":{"name":"(anonymous_4)","decl":{"start":{"line":11,"column":16},"end":{"line":11,"column":17}},"loc":{"start":{"line":12,"column":8},"end":{"line":12,"column":34}},"line":12}},"branchMap":{},"s":{"0":1,"1":1,"2":1,"3":1,"4":7,"5":31,"6":7,"7":1,"8":2,"9":6,"10":1},"f":{"0":1,"1":7,"2":31,"3":2,"4":6},"b":{},"_coverageSchema":"1a1c01bbd47fc00a2c39e90264f33305004495a9","hash":"b3f8a259ebc62e941632f31c012903eaf2b9a263"}
,"/Users/jakubfreisler/Projects/Web/jsExercismCourse/aoc2017/day2/parse.utils.js": {"path":"/Users/jakubfreisler/Projects/Web/jsExercismCourse/aoc2017/day2/parse.utils.js","statementMap":{"0":{"start":{"line":1,"column":25},"end":{"line":1,"column":53}},"1":{"start":{"line":1,"column":36},"end":{"line":1,"column":53}},"2":{"start":{"line":3,"column":23},"end":{"line":7,"column":9}},"3":{"start":{"line":4,"column":4},"end":{"line":7,"column":9}},"4":{"start":{"line":5,"column":22},"end":{"line":6,"column":42}},"5":{"start":{"line":6,"column":26},"end":{"line":6,"column":41}},"6":{"start":{"line":9,"column":0},"end":{"line":12,"column":1}}},"fnMap":{"0":{"name":"(anonymous_0)","decl":{"start":{"line":1,"column":25},"end":{"line":1,"column":26}},"loc":{"start":{"line":1,"column":36},"end":{"line":1,"column":53}},"line":1},"1":{"name":"(anonymous_1)","decl":{"start":{"line":3,"column":23},"end":{"line":3,"column":24}},"loc":{"start":{"line":4,"column":4},"end":{"line":7,"column":9}},"line":4},"2":{"name":"(anonymous_2)","decl":{"start":{"line":5,"column":13},"end":{"line":5,"column":14}},"loc":{"start":{"line":5,"column":22},"end":{"line":6,"column":42}},"line":5},"3":{"name":"(anonymous_3)","decl":{"start":{"line":6,"column":17},"end":{"line":6,"column":18}},"loc":{"start":{"line":6,"column":26},"end":{"line":6,"column":41}},"line":6}},"branchMap":{},"s":{"0":2,"1":3,"2":2,"3":2,"4":6,"5":22,"6":2},"f":{"0":3,"1":2,"2":6,"3":22},"b":{},"_coverageSchema":"1a1c01bbd47fc00a2c39e90264f33305004495a9","hash":"6e6ca30146d01e1c05a0306d7fe8f05e5d6aa422"}
}
