TN:
SF:ex1.js
FN:3,(anonymous_0)
FN:5,(anonymous_1)
FN:6,(anonymous_2)
FN:10,(anonymous_3)
FN:11,(anonymous_4)
FNF:5
FNH:5
FNDA:1,(anonymous_0)
FNDA:7,(anonymous_1)
FNDA:31,(anonymous_2)
FNDA:2,(anonymous_3)
FNDA:6,(anonymous_4)
DA:1,1
DA:3,1
DA:5,1
DA:6,31
DA:7,7
DA:10,1
DA:11,2
DA:12,6
DA:15,1
LF:9
LH:9
BRF:0
BRH:0
end_of_record
TN:
SF:parse.utils.js
FN:1,(anonymous_0)
FN:3,(anonymous_1)
FN:5,(anonymous_2)
FN:6,(anonymous_3)
FNF:4
FNH:4
FNDA:3,(anonymous_0)
FNDA:2,(anonymous_1)
FNDA:6,(anonymous_2)
FNDA:22,(anonymous_3)
DA:1,3
DA:3,2
DA:4,2
DA:5,6
DA:6,22
DA:9,2
LF:6
LH:6
BRF:0
BRH:0
end_of_record
